<?xml version="1.0" encoding="UTF-8"?>
<!-- Generated by org.testng.reporters.JUnitXMLReporter -->
<testsuite ignored="0" hostname="WINDOWS-VP6KEMI" failures="0" tests="3" name="Default test" time="8.34" errors="0" timestamp="30 Dec 2021 12:41:31 GMT">
  <testcase classname="com.crm.Autodesk.mvnCLI.MVNCommandLineExecutionTest" name="createContactTest" time="0.028"/>
  <testcase classname="com.crm.Autodesk.mvnCLI.MVNCommandLineExecutionTest" name="launchBrowserTest" time="8.223"/>
  <testcase classname="com.crm.Autodesk.mvnCLI.MVNCommandLineExecutionTest" name="modifyContactTest" time="0.004"/>
</testsuite> <!-- Default test -->
