<?xml version="1.0" encoding="UTF-8"?>
<testng-results ignored="0" total="3" passed="3" failed="0" skipped="0">
  <reporter-output>
  </reporter-output>
  <suite started-at="2021-12-30T12:41:23Z" name="Default suite" finished-at="2021-12-30T12:41:31Z" duration-ms="8340">
    <groups>
    </groups>
    <test started-at="2021-12-30T12:41:23Z" name="Default test" finished-at="2021-12-30T12:41:31Z" duration-ms="8340">
      <class name="com.crm.Autodesk.mvnCLI.MVNCommandLineExecutionTest">
        <test-method signature="createContactTest()[pri:0, instance:com.crm.Autodesk.mvnCLI.MVNCommandLineExecutionTest@51549490]" started-at="2021-12-30T12:41:23Z" name="createContactTest" finished-at="2021-12-30T12:41:23Z" duration-ms="28" status="PASS">
          <reporter-output>
          </reporter-output>
        </test-method> <!-- createContactTest -->
        <test-method signature="launchBrowserTest()[pri:0, instance:com.crm.Autodesk.mvnCLI.MVNCommandLineExecutionTest@51549490]" started-at="2021-12-30T12:41:23Z" name="launchBrowserTest" finished-at="2021-12-30T12:41:31Z" duration-ms="8223" status="PASS">
          <reporter-output>
          </reporter-output>
        </test-method> <!-- launchBrowserTest -->
        <test-method signature="modifyContactTest()[pri:0, instance:com.crm.Autodesk.mvnCLI.MVNCommandLineExecutionTest@51549490]" started-at="2021-12-30T12:41:31Z" name="modifyContactTest" finished-at="2021-12-30T12:41:31Z" duration-ms="4" status="PASS">
          <reporter-output>
          </reporter-output>
        </test-method> <!-- modifyContactTest -->
      </class> <!-- com.crm.Autodesk.mvnCLI.MVNCommandLineExecutionTest -->
    </test> <!-- Default test -->
  </suite> <!-- Default suite -->
</testng-results>
